<?xml version="1.0" encoding="UTF-8"?>
<testng-results ignored="0" total="2" passed="1" failed="1" skipped="0">
  <reporter-output>
  </reporter-output>
  <suite started-at="2024-07-21T21:15:52 IST" name="Default suite" finished-at="2024-07-21T21:16:15 IST" duration-ms="22675">
    <groups>
      <group name="cucumber">
        <method signature="AbstractTestNGCucumberTests.runScenario(io.cucumber.testng.PickleWrapper,io.cucumber.testng.FeatureWrapper)[pri:0, instance:TestRunner.TestRunner@1623b78d]" name="runScenario" class="io.cucumber.testng.AbstractTestNGCucumberTests"/>
      </group> <!-- cucumber -->
    </groups>
    <test started-at="2024-07-21T21:15:52 IST" name="Default test" finished-at="2024-07-21T21:16:15 IST" duration-ms="22675">
      <class name="TestRunner.TestRunner">
        <test-method is-config="true" signature="setUpClass(org.testng.ITestContext)[pri:0, instance:TestRunner.TestRunner@1623b78d]" started-at="2024-07-21T21:15:52 IST" name="setUpClass" finished-at="2024-07-21T21:15:53 IST" duration-ms="636" status="PASS">
          <params>
            <param index="0">
              <value>
                <![CDATA[org.testng.TestRunner@4a0df195]]>
              </value>
            </param>
          </params>
          <reporter-output>
          </reporter-output>
        </test-method> <!-- setUpClass -->
        <test-method signature="runScenario(io.cucumber.testng.PickleWrapper,io.cucumber.testng.FeatureWrapper)[pri:0, instance:TestRunner.TestRunner@1623b78d]" started-at="2024-07-21T21:15:53 IST" name="runScenario" description="Runs Cucumber Scenarios" data-provider="scenarios" finished-at="2024-07-21T21:16:14 IST" duration-ms="21413" status="FAIL">
          <params>
            <param index="0">
              <value>
                <![CDATA["To search for a product in the home and offer pages"]]>
              </value>
            </param>
            <param index="1">
              <value>
                <![CDATA["To search for product in home and offer pages"]]>
              </value>
            </param>
          </params>
          <exception class="java.lang.AssertionError">
            <message>
              <![CDATA[null]]>
            </message>
            <full-stacktrace>
              <![CDATA[java.lang.AssertionError: null
at org.testng.Assert.fail(Assert.java:99)
at org.testng.Assert.fail(Assert.java:106)
at stepDef.stepDefinitionsOffer.i_am_able_to_see_in_the_offers(stepDefinitionsOffer.java:51)
at âœ½.I am able to see Beetroot in the offers(file:///C:/Users/SRIJAN/eclipse-workspace/RS_Cucumber_Selenium/src/test/java/cucumber/features/search.feature:9)
]]>
            </full-stacktrace>
          </exception> <!-- java.lang.AssertionError -->
          <reporter-output>
          </reporter-output>
        </test-method> <!-- runScenario -->
        <test-method signature="runScenario(io.cucumber.testng.PickleWrapper,io.cucumber.testng.FeatureWrapper)[pri:0, instance:TestRunner.TestRunner@1623b78d]" started-at="2024-07-21T21:15:53 IST" name="runScenario" description="Runs Cucumber Scenarios" data-provider="scenarios" finished-at="2024-07-21T21:16:15 IST" duration-ms="21729" status="PASS">
          <params>
            <param index="0">
              <value>
                <![CDATA["To search for a product in the home and offer pages"]]>
              </value>
            </param>
            <param index="1">
              <value>
                <![CDATA["To search for product in home and offer pages"]]>
              </value>
            </param>
          </params>
          <reporter-output>
          </reporter-output>
        </test-method> <!-- runScenario -->
        <test-method is-config="true" signature="tearDownClass()[pri:0, instance:TestRunner.TestRunner@1623b78d]" started-at="2024-07-21T21:16:15 IST" name="tearDownClass" finished-at="2024-07-21T21:16:15 IST" duration-ms="281" status="PASS">
          <reporter-output>
          </reporter-output>
        </test-method> <!-- tearDownClass -->
      </class> <!-- TestRunner.TestRunner -->
    </test> <!-- Default test -->
  </suite> <!-- Default suite -->
</testng-results>
